<?xml version="1.0" encoding="UTF-8"?>
<testng-results ignored="0" total="1" passed="1" failed="0" skipped="0">
  <reporter-output>
  </reporter-output>
  <suite started-at="2022-07-18T14:54:19Z" name="nopcommerce" finished-at="2022-07-18T14:54:31Z" duration-ms="12145">
    <groups>
    </groups>
    <test started-at="2022-07-18T14:54:19Z" name="testcase1" finished-at="2022-07-18T14:54:31Z" duration-ms="12145">
      <class name="com.nopcommerce.testCases.TC_LoginTest_001">
        <test-method is-config="true" signature="Setup(java.lang.String)[pri:0, instance:com.nopcommerce.testCases.TC_LoginTest_001@4ef37659]" started-at="2022-07-18T14:54:19Z" name="Setup" finished-at="2022-07-18T14:54:21Z" duration-ms="1722" status="PASS">
          <params>
            <param index="0">
              <value>
                <![CDATA[chrome]]>
              </value>
            </param>
          </params>
          <reporter-output>
          </reporter-output>
        </test-method> <!-- Setup -->
        <test-method signature="loginTest()[pri:0, instance:com.nopcommerce.testCases.TC_LoginTest_001@4ef37659]" started-at="2022-07-18T14:54:21Z" name="loginTest" finished-at="2022-07-18T14:54:31Z" duration-ms="10128" status="PASS">
          <reporter-output>
          </reporter-output>
        </test-method> <!-- loginTest -->
        <test-method is-config="true" signature="tearDown()[pri:0, instance:com.nopcommerce.testCases.TC_LoginTest_001@4ef37659]" started-at="2022-07-18T14:54:31Z" name="tearDown" finished-at="2022-07-18T14:54:31Z" duration-ms="75" status="PASS">
          <reporter-output>
          </reporter-output>
        </test-method> <!-- tearDown -->
      </class> <!-- com.nopcommerce.testCases.TC_LoginTest_001 -->
    </test> <!-- testcase1 -->
  </suite> <!-- nopcommerce -->
</testng-results>
